# JRE version: OpenJDK Runtime Environment (11.0.8+10) (build 11.0.8+10-b944.6842174)
# Java VM: OpenJDK 64-Bit Server VM (11.0.8+10-b944.6842174, mixed mode, tiered, compressed oops, g1 gc, windows-amd64)
Heap:
 garbage-first heap   total 129024K, used 32745K [0x0000000080000000, 0x0000000100000000)
  region size 1024K, 15 young (15360K), 7 survivors (7168K)
 Metaspace       used 41006K, capacity 41799K, committed 41984K, reserved 1085440K
  class space    used 5238K, capacity 5536K, committed 5632K, reserved 1048576K
GC Heap History (12 events):
Event: 1.264 GC heap before
{Heap before GC invocations=0 (full 0):
 garbage-first heap   total 129024K, used 29696K [0x0000000080000000, 0x0000000100000000)
  region size 1024K, 24 young (24576K), 0 survivors (0K)
 Metaspace       used 10691K, capacity 10954K, committed 11264K, reserved 1058816K
  class space    used 1130K, capacity 1202K, committed 1280K, reserved 1048576K
}
Event: 1.276 GC heap after
{Heap after GC invocations=1 (full 0):
 garbage-first heap   total 129024K, used 8515K [0x0000000080000000, 0x0000000100000000)
  region size 1024K, 3 young (3072K), 3 survivors (3072K)
 Metaspace       used 10691K, capacity 10954K, committed 11264K, reserved 1058816K
  class space    used 1130K, capacity 1202K, committed 1280K, reserved 1048576K
}
Event: 4.061 GC heap before
{Heap before GC invocations=1 (full 0):
 garbage-first heap   total 129024K, used 81219K [0x0000000080000000, 0x0000000100000000)
  region size 1024K, 75 young (76800K), 3 survivors (3072K)
 Metaspace       used 18908K, capacity 19378K, committed 19584K, reserved 1067008K
  class space    used 2284K, capacity 2426K, committed 2432K, reserved 1048576K
}
Event: 4.067 GC heap after
{Heap after GC invocations=2 (full 0):
 garbage-first heap   total 129024K, used 15568K [0x0000000080000000, 0x0000000100000000)
  region size 1024K, 10 young (10240K), 10 survivors (10240K)
 Metaspace       used 18908K, capacity 19378K, committed 19584K, reserved 1067008K
  class space    used 2284K, capacity 2426K, committed 2432K, reserved 1048576K
}
Event: 4.294 GC heap before
{Heap before GC invocations=2 (full 0):
 garbage-first heap   total 129024K, used 28880K [0x0000000080000000, 0x0000000100000000)
  region size 1024K, 24 young (24576K), 10 survivors (10240K)
 Metaspace       used 20682K, capacity 21115K, committed 21248K, reserved 1067008K
  class space    used 2539K, capacity 2712K, committed 2816K, reserved 1048576K
}
Event: 4.301 GC heap after
{Heap after GC invocations=3 (full 0):
 garbage-first heap   total 129024K, used 17054K [0x0000000080000000, 0x0000000100000000)
  region size 1024K, 1 young (1024K), 1 survivors (1024K)
 Metaspace       used 20682K, capacity 21115K, committed 21248K, reserved 1067008K
  class space    used 2539K, capacity 2712K, committed 2816K, reserved 1048576K
}
Event: 4.977 GC heap before
{Heap before GC invocations=4 (full 0):
 garbage-first heap   total 129024K, used 65182K [0x0000000080000000, 0x0000000100000000)
  region size 1024K, 48 young (49152K), 1 survivors (1024K)
 Metaspace       used 26107K, capacity 26681K, committed 27008K, reserved 1073152K
  class space    used 3414K, capacity 3634K, committed 3712K, reserved 1048576K
}
Event: 4.979 GC heap after
{Heap after GC invocations=5 (full 0):
 garbage-first heap   total 129024K, used 18655K [0x0000000080000000, 0x0000000100000000)
  region size 1024K, 3 young (3072K), 3 survivors (3072K)
 Metaspace       used 26107K, capacity 26681K, committed 27008K, reserved 1073152K
  class space    used 3414K, capacity 3634K, committed 3712K, reserved 1048576K
}
Event: 7.047 GC heap before
{Heap before GC invocations=5 (full 0):
 garbage-first heap   total 129024K, used 68831K [0x0000000080000000, 0x0000000100000000)
  region size 1024K, 54 young (55296K), 3 survivors (3072K)
 Metaspace       used 35129K, capacity 35777K, committed 35840K, reserved 1081344K
  class space    used 4572K, capacity 4858K, committed 4864K, reserved 1048576K
}
Event: 7.060 GC heap after
{Heap after GC invocations=6 (full 0):
 garbage-first heap   total 129024K, used 22069K [0x0000000080000000, 0x0000000100000000)
  region size 1024K, 6 young (6144K), 6 survivors (6144K)
 Metaspace       used 35129K, capacity 35777K, committed 35840K, reserved 1081344K
  class space    used 4572K, capacity 4858K, committed 4864K, reserved 1048576K
}
Event: 9.269 GC heap before
{Heap before GC invocations=7 (full 0):
 garbage-first heap   total 129024K, used 81461K [0x0000000080000000, 0x0000000100000000)
  region size 1024K, 61 young (62464K), 6 survivors (6144K)
 Metaspace       used 40599K, capacity 41502K, committed 41600K, reserved 1085440K
  class space    used 5177K, capacity 5501K, committed 5504K, reserved 1048576K
}
Event: 9.280 GC heap after
{Heap after GC invocations=8 (full 0):
 garbage-first heap   total 129024K, used 25577K [0x0000000080000000, 0x0000000100000000)
  region size 1024K, 7 young (7168K), 7 survivors (7168K)
 Metaspace       used 40599K, capacity 41502K, committed 41600K, reserved 1085440K
  class space    used 5177K, capacity 5501K, committed 5504K, reserved 1048576K
}

